<?xml version="1.0" encoding="UTF-8"?>
<testng-results skipped="0" failed="0" total="1" passed="1">
  <reporter-output>
  </reporter-output>
  <suite name="Suite" duration-ms="13935" started-at="2022-12-12T22:57:47Z" finished-at="2022-12-12T22:58:01Z">
    <groups>
    </groups>
    <test name="Test" duration-ms="13935" started-at="2022-12-12T22:57:47Z" finished-at="2022-12-12T22:58:01Z">
      <class name="pkg1.Selenium">
        <test-method status="PASS" signature="OpenBrowser()[pri:0, instance:pkg1.Selenium@6a28ffa4]" name="OpenBrowser" duration-ms="13904" started-at="2022-12-13T04:27:47Z" finished-at="2022-12-13T04:28:01Z">
          <reporter-output>
          </reporter-output>
        </test-method> <!-- OpenBrowser -->
      </class> <!-- pkg1.Selenium -->
    </test> <!-- Test -->
  </suite> <!-- Suite -->
</testng-results>
